0 verbose cli E:\WScoop\apps\nodejs-lts\current\node.exe E:\WScoop\apps\nodejs-lts\current\node_modules\npm\bin\npm-cli.js
1 info using npm@9.6.7
2 info using node@v18.17.1
3 timing npm:load:whichnode Completed in 2ms
4 timing config:load:defaults Completed in 1ms
5 timing config:load:file:E:\WScoop\apps\nodejs-lts\18.17.1\node_modules\npm\npmrc Completed in 4ms
6 timing config:load:builtin Completed in 5ms
7 timing config:load:cli Completed in 1ms
8 timing config:load:env Completed in 1ms
9 timing config:load:file:E:\intelliJ\festibook\src\main\reactfront\.npmrc Completed in 1ms
10 timing config:load:project Completed in 2ms
11 timing config:load:file:C:\Users\alstj\.npmrc Completed in 0ms
12 timing config:load:user Completed in 0ms
13 timing config:load:file:E:\intelliJ\festibook\src\main\reactfront\WScoop\persist\nodejs-lts\bin\etc\npmrc Completed in 0ms
14 timing config:load:global Completed in 0ms
15 timing config:load:setEnvs Completed in 1ms
16 timing config:load Completed in 11ms
17 timing npm:load:configload Completed in 11ms
18 timing npm:load:mkdirpcache Completed in 1ms
19 timing npm:load:mkdirplogs Completed in 0ms
20 verbose title npm run-script build
21 verbose argv "run-script" "build"
22 timing npm:load:setTitle Completed in 1ms
23 timing config:load:flatten Completed in 2ms
24 timing npm:load:display Completed in 4ms
25 verbose logfile logs-max:10 dir:E:\intelliJ\festibook\src\main\reactfront\WScoop\persist\nodejs-lts\cache\_logs\2023-10-11T07_27_13_691Z-
26 verbose logfile E:\intelliJ\festibook\src\main\reactfront\WScoop\persist\nodejs-lts\cache\_logs\2023-10-11T07_27_13_691Z-debug-0.log
27 timing npm:load:logFile Completed in 9ms
28 timing npm:load:timers Completed in 0ms
29 timing npm:load:configScope Completed in 0ms
30 timing npm:load Completed in 29ms
31 silly logfile start cleaning logs, removing 2 files
32 silly logfile done cleaning log files
33 timing command:run-script Completed in 51790ms
34 verbose exit 0
35 timing npm Completed in 51871ms
36 info ok
